<?xml version="1.0" encoding="UTF-8"?>
<!-- Generated by org.testng.reporters.JUnitXMLReporter -->
<testsuite hostname="metinemresen" ignored="0" name="Test" tests="1" failures="1" timestamp="20 Kas 2019 13:15:33 GMT" time="0.474" errors="0">
  <testcase name="feature" time="0.199" classname="com.testautomation.TestRunner.TestRunner">
    <failure type="java.lang.NullPointerException">
      <![CDATA[java.lang.NullPointerException
at com.testautomation.Listeners.ExtentReportListener.testStepHandle(ExtentReportListener.java:48)
at com.testautomation.StepDef.YoutubeChannelValidationsStepDef.open_Chrome_browser_with_URL(YoutubeChannelValidationsStepDef.java:48)
at ✽.Open Chrome browser with URL(./features/CucumberHooks.feature:6)
]]>
    </failure>
  </testcase> <!-- feature -->
</testsuite> <!-- Test -->
