<?xml version="1.0" encoding="UTF-8"?>
<!-- Generated by org.testng.reporters.JUnitXMLReporter -->
<testsuite ignored="0" hostname="T1DNS01" failures="1" tests="1" name="Automation Test Report" time="72.411" errors="0" timestamp="09 Dec 2019 14:13:25 GMT">
  <testcase classname="com.testautomation.TestRunner.TestRunner" name="feature" time="71.721">
    <failure type="java.lang.Exception">
      <![CDATA[java.lang.Exception
at com.testautomation.StepDef.dip.EmirlerStepDef.validate_Fiyat_field(EmirlerStepDef.java:136)
at ✽.Fiyat field must be "19,99"(./features/dip.feature:44)
]]>
    </failure>
  </testcase> <!-- feature -->
</testsuite> <!-- Automation Test Report -->
