<?xml version="1.0" encoding="UTF-8"?>
<testng-results ignored="0" total="1" passed="0" failed="1" skipped="0">
  <reporter-output>
  </reporter-output>
  <suite started-at="2019-12-09T14:12:13Z" name="Automation Test Report" finished-at="2019-12-09T14:13:25Z" duration-ms="72411">
    <groups>
    </groups>
    <test started-at="2019-12-09T14:12:13Z" name="Automation Test Report" finished-at="2019-12-09T14:13:25Z" duration-ms="72411">
      <class name="com.testautomation.TestRunner.TestRunner">
        <test-method is-config="true" signature="setUpClass()[pri:0, instance:com.testautomation.TestRunner.TestRunner@741a8937]" started-at="2019-12-09T14:12:13Z" name="setUpClass" finished-at="2019-12-09T14:12:13Z" duration-ms="174" status="PASS">
          <reporter-output>
          </reporter-output>
        </test-method> <!-- setUpClass -->
        <test-method signature="feature(cucumber.api.testng.PickleEventWrapper, cucumber.api.testng.CucumberFeatureWrapper)[pri:0, instance:com.testautomation.TestRunner.TestRunner@741a8937]" started-at="2019-12-09T14:12:13Z" name="feature" data-provider="features" finished-at="2019-12-09T14:13:25Z" duration-ms="71721" status="FAIL">
          <params>
            <param index="0">
              <value>
                <![CDATA["Yeni emir fiyat degisim"]]>
              </value>
            </param>
            <param index="1">
              <value>
                <![CDATA["Dip Test Cases"]]>
              </value>
            </param>
          </params>
          <exception class="java.lang.Exception">
            <full-stacktrace>
              <![CDATA[java.lang.Exception
at com.testautomation.StepDef.dip.EmirlerStepDef.validate_Fiyat_field(EmirlerStepDef.java:136)
at ✽.Fiyat field must be "19,99"(./features/dip.feature:44)
]]>
            </full-stacktrace>
          </exception> <!-- java.lang.Exception -->
          <reporter-output>
          </reporter-output>
        </test-method> <!-- feature -->
        <test-method is-config="true" signature="tearDownClass()[pri:0, instance:com.testautomation.TestRunner.TestRunner@741a8937]" started-at="2019-12-09T14:13:25Z" name="tearDownClass" finished-at="2019-12-09T14:13:25Z" duration-ms="160" status="PASS">
          <reporter-output>
          </reporter-output>
        </test-method> <!-- tearDownClass -->
      </class> <!-- com.testautomation.TestRunner.TestRunner -->
    </test> <!-- Automation Test Report -->
  </suite> <!-- Automation Test Report -->
</testng-results>
