<?xml version="1.0" encoding="UTF-8"?>
<!-- Generated by org.testng.reporters.JUnitReportReporter -->
<testsuite hostname="T1DNS01" failures="0" tests="1" name="com.testautomation.TestRunner.TestRunner" time="71.721" errors="1" timestamp="09 Dec 2019 14:13:26 GMT" skipped="0">
  <testcase classname="com.testautomation.TestRunner.TestRunner" name="feature" time="71.721">
    <error type="java.lang.Exception">
      <![CDATA[java.lang.Exception
at com.testautomation.StepDef.dip.EmirlerStepDef.validate_Fiyat_field(EmirlerStepDef.java:136)
at ✽.Fiyat field must be "19,99"(./features/dip.feature:44)
]]>
    </error>
  </testcase> <!-- feature -->
</testsuite> <!-- com.testautomation.TestRunner.TestRunner -->
